2019-01-08 19:45:08 [main] DEBUG coda.shared.logging.Logging - File - DebugreadProperties...
2019-01-08 19:45:08 [main] DEBUG coda.shared.logging.Logging - File - Debugload properties
2019-01-08 19:45:08 [main] DEBUG coda.shared.logging.Logging - File - Debugset database port
2019-01-08 19:45:08 [main] DEBUG coda.shared.logging.Logging - File - Debug8080
2019-01-08 19:45:08 [main] DEBUG coda.shared.logging.Logging - File - Debuginitialize datalayer
2019-01-08 19:45:08 [main] DEBUG coda.shared.logging.Logging - File - Debugget mongo ip: 40.68.62.58
2019-01-08 19:45:08 [main] DEBUG coda.shared.logging.Logging - File - Debugget mongo port: 8080
2019-01-08 19:45:09 [main] DEBUG coda.shared.logging.Logging - File - Debugget mongo database name: coda_db
2019-01-08 19:47:18 [main] DEBUG coda.shared.logging.Logging - File - readProperties...
2019-01-08 19:47:18 [main] DEBUG coda.shared.logging.Logging - File - load properties
2019-01-08 19:47:18 [main] DEBUG coda.shared.logging.Logging - File - set database port
2019-01-08 19:47:18 [main] DEBUG coda.shared.logging.Logging - File - 8080
2019-01-08 19:47:18 [main] DEBUG coda.shared.logging.Logging - File - initialize datalayer
2019-01-08 19:47:18 [main] DEBUG coda.shared.logging.Logging - File - get mongo ip: 40.68.62.58
2019-01-08 19:47:18 [main] DEBUG coda.shared.logging.Logging - File - get mongo port: 8080
2019-01-08 19:47:18 [main] DEBUG coda.shared.logging.Logging - File - get mongo database name: coda_db
2019-01-08 19:47:21 [main] ERROR org.apache.catalina.util.LifecycleBase - File - Failed to start component [Connector[HTTP/1.1-8080]]
org.apache.catalina.LifecycleException: Protocol handler start failed
	at org.apache.catalina.connector.Connector.startInternal(Connector.java:1001) ~[tomcat-embed-core-9.0.13.jar:9.0.13]
	at org.apache.catalina.util.LifecycleBase.start(LifecycleBase.java:183) [tomcat-embed-core-9.0.13.jar:9.0.13]
	at org.apache.catalina.core.StandardService.addConnector(StandardService.java:225) [tomcat-embed-core-9.0.13.jar:9.0.13]
	at org.springframework.boot.web.embedded.tomcat.TomcatWebServer.addPreviouslyRemovedConnectors(TomcatWebServer.java:259) [spring-boot-2.1.1.RELEASE.jar:2.1.1.RELEASE]
	at org.springframework.boot.web.embedded.tomcat.TomcatWebServer.start(TomcatWebServer.java:197) [spring-boot-2.1.1.RELEASE.jar:2.1.1.RELEASE]
	at org.springframework.boot.web.servlet.context.ServletWebServerApplicationContext.startWebServer(ServletWebServerApplicationContext.java:311) [spring-boot-2.1.1.RELEASE.jar:2.1.1.RELEASE]
	at org.springframework.boot.web.servlet.context.ServletWebServerApplicationContext.finishRefresh(ServletWebServerApplicationContext.java:164) [spring-boot-2.1.1.RELEASE.jar:2.1.1.RELEASE]
	at org.springframework.context.support.AbstractApplicationContext.refresh(AbstractApplicationContext.java:549) [spring-context-5.1.3.RELEASE.jar:5.1.3.RELEASE]
	at org.springframework.boot.web.servlet.context.ServletWebServerApplicationContext.refresh(ServletWebServerApplicationContext.java:142) [spring-boot-2.1.1.RELEASE.jar:2.1.1.RELEASE]
	at org.springframework.boot.SpringApplication.refresh(SpringApplication.java:775) [spring-boot-2.1.1.RELEASE.jar:2.1.1.RELEASE]
	at org.springframework.boot.SpringApplication.refreshContext(SpringApplication.java:397) [spring-boot-2.1.1.RELEASE.jar:2.1.1.RELEASE]
	at org.springframework.boot.SpringApplication.run(SpringApplication.java:316) [spring-boot-2.1.1.RELEASE.jar:2.1.1.RELEASE]
	at org.springframework.boot.SpringApplication.run(SpringApplication.java:1260) [spring-boot-2.1.1.RELEASE.jar:2.1.1.RELEASE]
	at org.springframework.boot.SpringApplication.run(SpringApplication.java:1248) [spring-boot-2.1.1.RELEASE.jar:2.1.1.RELEASE]
	at coda.Application.main(Application.java:14) [main/:?]
Caused by: java.net.BindException: Address already in use: bind
	at sun.nio.ch.Net.bind0(Native Method) ~[?:?]
	at sun.nio.ch.Net.bind(Net.java:461) ~[?:?]
	at sun.nio.ch.Net.bind(Net.java:453) ~[?:?]
	at sun.nio.ch.ServerSocketChannelImpl.bind(ServerSocketChannelImpl.java:227) ~[?:?]
	at sun.nio.ch.ServerSocketAdaptor.bind(ServerSocketAdaptor.java:80) ~[?:?]
	at org.apache.tomcat.util.net.NioEndpoint.initServerSocket(NioEndpoint.java:236) ~[tomcat-embed-core-9.0.13.jar:9.0.13]
	at org.apache.tomcat.util.net.NioEndpoint.bind(NioEndpoint.java:210) ~[tomcat-embed-core-9.0.13.jar:9.0.13]
	at org.apache.tomcat.util.net.AbstractEndpoint.bindWithCleanup(AbstractEndpoint.java:1067) ~[tomcat-embed-core-9.0.13.jar:9.0.13]
	at org.apache.tomcat.util.net.AbstractEndpoint.start(AbstractEndpoint.java:1149) ~[tomcat-embed-core-9.0.13.jar:9.0.13]
	at org.apache.coyote.AbstractProtocol.start(AbstractProtocol.java:561) ~[tomcat-embed-core-9.0.13.jar:9.0.13]
	at org.apache.catalina.connector.Connector.startInternal(Connector.java:998) ~[tomcat-embed-core-9.0.13.jar:9.0.13]
	... 14 more
2019-01-08 19:47:21 [main] ERROR org.springframework.boot.diagnostics.LoggingFailureAnalysisReporter - File - 

***************************
APPLICATION FAILED TO START
***************************

Description:

The Tomcat connector configured to listen on port 8080 failed to start. The port may already be in use or the connector may be misconfigured.

Action:

Verify the connector's configuration, identify and stop any process that's listening on port 8080, or configure this application to listen on another port.

2019-01-08 19:47:26 [main] DEBUG coda.shared.logging.Logging - File - OnShutdown
2019-01-08 19:49:55 [main] DEBUG coda.shared.logging.Logging - File - readProperties...
2019-01-08 19:49:55 [main] DEBUG coda.shared.logging.Logging - File - load properties
2019-01-08 19:49:55 [main] DEBUG coda.shared.logging.Logging - File - set database port
2019-01-08 19:49:55 [main] DEBUG coda.shared.logging.Logging - File - 8080
2019-01-08 19:49:55 [main] DEBUG coda.shared.logging.Logging - File - initialize datalayer
2019-01-08 19:49:55 [main] DEBUG coda.shared.logging.Logging - File - get mongo ip: 40.68.62.58
2019-01-08 19:49:55 [main] DEBUG coda.shared.logging.Logging - File - get mongo port: 8080
2019-01-08 19:49:55 [main] DEBUG coda.shared.logging.Logging - File - get mongo database name: coda_db
2019-01-08 19:49:58 [main] ERROR org.apache.catalina.util.LifecycleBase - File - Failed to start component [Connector[HTTP/1.1-8080]]
org.apache.catalina.LifecycleException: Protocol handler start failed
	at org.apache.catalina.connector.Connector.startInternal(Connector.java:1001) ~[tomcat-embed-core-9.0.13.jar:9.0.13]
	at org.apache.catalina.util.LifecycleBase.start(LifecycleBase.java:183) [tomcat-embed-core-9.0.13.jar:9.0.13]
	at org.apache.catalina.core.StandardService.addConnector(StandardService.java:225) [tomcat-embed-core-9.0.13.jar:9.0.13]
	at org.springframework.boot.web.embedded.tomcat.TomcatWebServer.addPreviouslyRemovedConnectors(TomcatWebServer.java:259) [spring-boot-2.1.1.RELEASE.jar:2.1.1.RELEASE]
	at org.springframework.boot.web.embedded.tomcat.TomcatWebServer.start(TomcatWebServer.java:197) [spring-boot-2.1.1.RELEASE.jar:2.1.1.RELEASE]
	at org.springframework.boot.web.servlet.context.ServletWebServerApplicationContext.startWebServer(ServletWebServerApplicationContext.java:311) [spring-boot-2.1.1.RELEASE.jar:2.1.1.RELEASE]
	at org.springframework.boot.web.servlet.context.ServletWebServerApplicationContext.finishRefresh(ServletWebServerApplicationContext.java:164) [spring-boot-2.1.1.RELEASE.jar:2.1.1.RELEASE]
	at org.springframework.context.support.AbstractApplicationContext.refresh(AbstractApplicationContext.java:549) [spring-context-5.1.3.RELEASE.jar:5.1.3.RELEASE]
	at org.springframework.boot.web.servlet.context.ServletWebServerApplicationContext.refresh(ServletWebServerApplicationContext.java:142) [spring-boot-2.1.1.RELEASE.jar:2.1.1.RELEASE]
	at org.springframework.boot.SpringApplication.refresh(SpringApplication.java:775) [spring-boot-2.1.1.RELEASE.jar:2.1.1.RELEASE]
	at org.springframework.boot.SpringApplication.refreshContext(SpringApplication.java:397) [spring-boot-2.1.1.RELEASE.jar:2.1.1.RELEASE]
	at org.springframework.boot.SpringApplication.run(SpringApplication.java:316) [spring-boot-2.1.1.RELEASE.jar:2.1.1.RELEASE]
	at org.springframework.boot.SpringApplication.run(SpringApplication.java:1260) [spring-boot-2.1.1.RELEASE.jar:2.1.1.RELEASE]
	at org.springframework.boot.SpringApplication.run(SpringApplication.java:1248) [spring-boot-2.1.1.RELEASE.jar:2.1.1.RELEASE]
	at coda.Application.main(Application.java:14) [main/:?]
Caused by: java.net.BindException: Address already in use: bind
	at sun.nio.ch.Net.bind0(Native Method) ~[?:?]
	at sun.nio.ch.Net.bind(Net.java:461) ~[?:?]
	at sun.nio.ch.Net.bind(Net.java:453) ~[?:?]
	at sun.nio.ch.ServerSocketChannelImpl.bind(ServerSocketChannelImpl.java:227) ~[?:?]
	at sun.nio.ch.ServerSocketAdaptor.bind(ServerSocketAdaptor.java:80) ~[?:?]
	at org.apache.tomcat.util.net.NioEndpoint.initServerSocket(NioEndpoint.java:236) ~[tomcat-embed-core-9.0.13.jar:9.0.13]
	at org.apache.tomcat.util.net.NioEndpoint.bind(NioEndpoint.java:210) ~[tomcat-embed-core-9.0.13.jar:9.0.13]
	at org.apache.tomcat.util.net.AbstractEndpoint.bindWithCleanup(AbstractEndpoint.java:1067) ~[tomcat-embed-core-9.0.13.jar:9.0.13]
	at org.apache.tomcat.util.net.AbstractEndpoint.start(AbstractEndpoint.java:1149) ~[tomcat-embed-core-9.0.13.jar:9.0.13]
	at org.apache.coyote.AbstractProtocol.start(AbstractProtocol.java:561) ~[tomcat-embed-core-9.0.13.jar:9.0.13]
	at org.apache.catalina.connector.Connector.startInternal(Connector.java:998) ~[tomcat-embed-core-9.0.13.jar:9.0.13]
	... 14 more
2019-01-08 19:49:58 [main] ERROR org.springframework.boot.diagnostics.LoggingFailureAnalysisReporter - File - 

***************************
APPLICATION FAILED TO START
***************************

Description:

The Tomcat connector configured to listen on port 8080 failed to start. The port may already be in use or the connector may be misconfigured.

Action:

Verify the connector's configuration, identify and stop any process that's listening on port 8080, or configure this application to listen on another port.

2019-01-08 19:50:11 [main] DEBUG coda.shared.logging.Logging - File - OnShutdown
2019-01-08 19:51:33 [main] DEBUG coda.shared.logging.Logging - File - readProperties...
2019-01-08 19:51:33 [main] DEBUG coda.shared.logging.Logging - File - load properties
2019-01-08 19:51:33 [main] DEBUG coda.shared.logging.Logging - File - set database port
2019-01-08 19:51:33 [main] DEBUG coda.shared.logging.Logging - File - 8080
2019-01-08 19:51:33 [main] DEBUG coda.shared.logging.Logging - File - initialize datalayer
2019-01-08 19:51:33 [main] DEBUG coda.shared.logging.Logging - File - get mongo ip: 40.68.62.58
2019-01-08 19:51:33 [main] DEBUG coda.shared.logging.Logging - File - get mongo port: 8080
2019-01-08 19:51:33 [main] DEBUG coda.shared.logging.Logging - File - get mongo database name: coda_db
2019-01-08 19:52:19 [http-nio-8080-exec-1] ERROR coda.controller.TestController - File - LOOOOL
2019-01-08 19:52:19 [http-nio-8080-exec-1] DEBUG coda.shared.logging.Logging - File - HATEOAS
